{"C:\\Users\\olekk\\Desktop\\practice\\app.js": {"path":"C:\\Users\\olekk\\Desktop\\practice\\app.js","statementMap":{"0":{"start":{"line":1,"column":16},"end":{"line":1,"column":34}},"1":{"start":{"line":2,"column":26},"end":{"line":2,"column":55}},"2":{"start":{"line":4,"column":17},"end":{"line":4,"column":42}},"3":{"start":{"line":6,"column":12},"end":{"line":6,"column":21}},"4":{"start":{"line":8,"column":0},"end":{"line":22,"column":3}},"5":{"start":{"line":12,"column":50},"end":{"line":12,"column":78}},"6":{"start":{"line":13,"column":12},"end":{"line":13,"column":40}},"7":{"start":{"line":14,"column":12},"end":{"line":20,"column":24}},"8":{"start":{"line":23,"column":0},"end":{"line":23,"column":36}},"9":{"start":{"line":26,"column":0},"end":{"line":26,"column":44}},"10":{"start":{"line":29,"column":13},"end":{"line":29,"column":37}},"11":{"start":{"line":32,"column":0},"end":{"line":32,"column":27}},"12":{"start":{"line":33,"column":0},"end":{"line":33,"column":33}},"13":{"start":{"line":35,"column":0},"end":{"line":35,"column":26}},"14":{"start":{"line":36,"column":0},"end":{"line":36,"column":29}},"15":{"start":{"line":38,"column":0},"end":{"line":44,"column":1}},"16":{"start":{"line":39,"column":4},"end":{"line":41,"column":6}},"17":{"start":{"line":40,"column":8},"end":{"line":40,"column":81}},"18":{"start":{"line":43,"column":4},"end":{"line":43,"column":24}}},"fnMap":{"0":{"name":"(anonymous_0)","decl":{"start":{"line":12,"column":14},"end":{"line":12,"column":15}},"loc":{"start":{"line":12,"column":49},"end":{"line":21,"column":9}},"line":12},"1":{"name":"(anonymous_1)","decl":{"start":{"line":39,"column":21},"end":{"line":39,"column":22}},"loc":{"start":{"line":39,"column":27},"end":{"line":41,"column":5}},"line":39}},"branchMap":{"0":{"loc":{"start":{"line":29,"column":13},"end":{"line":29,"column":37}},"type":"binary-expr","locations":[{"start":{"line":29,"column":13},"end":{"line":29,"column":29}},{"start":{"line":29,"column":33},"end":{"line":29,"column":37}}],"line":29},"1":{"loc":{"start":{"line":38,"column":0},"end":{"line":44,"column":1}},"type":"if","locations":[{"start":{"line":38,"column":0},"end":{"line":44,"column":1}},{"start":{"line":38,"column":0},"end":{"line":44,"column":1}}],"line":38}},"s":{"0":1,"1":1,"2":1,"3":1,"4":1,"5":0,"6":0,"7":0,"8":1,"9":1,"10":1,"11":1,"12":1,"13":1,"14":1,"15":1,"16":0,"17":0,"18":1},"f":{"0":0,"1":0},"b":{"0":[1,1],"1":[0,1]},"_coverageSchema":"1a1c01bbd47fc00a2c39e90264f33305004495a9","hash":"2a079668faa9bcb490e18c416b3f9cad9f0d66eb"}
,"C:\\Users\\olekk\\Desktop\\practice\\lib\\fortune.js": {"path":"C:\\Users\\olekk\\Desktop\\practice\\lib\\fortune.js","statementMap":{"0":{"start":{"line":1,"column":23},"end":{"line":7,"column":1}},"1":{"start":{"line":9,"column":0},"end":{"line":12,"column":1}},"2":{"start":{"line":10,"column":21},"end":{"line":10,"column":70}},"3":{"start":{"line":11,"column":4},"end":{"line":11,"column":36}}},"fnMap":{"0":{"name":"(anonymous_0)","decl":{"start":{"line":9,"column":21},"end":{"line":9,"column":22}},"loc":{"start":{"line":9,"column":27},"end":{"line":12,"column":1}},"line":9}},"branchMap":{},"s":{"0":2,"1":2,"2":1,"3":1},"f":{"0":1},"b":{},"_coverageSchema":"1a1c01bbd47fc00a2c39e90264f33305004495a9","hash":"37eee5936b98420cde2960bf631ac1524dd17399"}
,"C:\\Users\\olekk\\Desktop\\practice\\lib\\handlers.js": {"path":"C:\\Users\\olekk\\Desktop\\practice\\lib\\handlers.js","statementMap":{"0":{"start":{"line":1,"column":16},"end":{"line":1,"column":36}},"1":{"start":{"line":4,"column":0},"end":{"line":4,"column":47}},"2":{"start":{"line":4,"column":28},"end":{"line":4,"column":46}},"3":{"start":{"line":5,"column":0},"end":{"line":9,"column":1}},"4":{"start":{"line":6,"column":4},"end":{"line":8,"column":6}},"5":{"start":{"line":12,"column":0},"end":{"line":12,"column":49}},"6":{"start":{"line":12,"column":32},"end":{"line":12,"column":49}},"7":{"start":{"line":13,"column":0},"end":{"line":13,"column":61}},"8":{"start":{"line":13,"column":44},"end":{"line":13,"column":61}}},"fnMap":{"0":{"name":"(anonymous_0)","decl":{"start":{"line":4,"column":15},"end":{"line":4,"column":16}},"loc":{"start":{"line":4,"column":28},"end":{"line":4,"column":46}},"line":4},"1":{"name":"(anonymous_1)","decl":{"start":{"line":5,"column":16},"end":{"line":5,"column":17}},"loc":{"start":{"line":5,"column":29},"end":{"line":9,"column":1}},"line":5},"2":{"name":"(anonymous_2)","decl":{"start":{"line":12,"column":19},"end":{"line":12,"column":20}},"loc":{"start":{"line":12,"column":32},"end":{"line":12,"column":49}},"line":12},"3":{"name":"(anonymous_3)","decl":{"start":{"line":13,"column":22},"end":{"line":13,"column":23}},"loc":{"start":{"line":13,"column":44},"end":{"line":13,"column":61}},"line":13}},"branchMap":{},"s":{"0":2,"1":2,"2":2,"3":2,"4":1,"5":2,"6":1,"7":2,"8":1},"f":{"0":2,"1":1,"2":1,"3":1},"b":{},"_coverageSchema":"1a1c01bbd47fc00a2c39e90264f33305004495a9","hash":"4abdebbe27a9d22d074e42daade59b33c0dc0acf"}
}
